This is LuaHBTeX, Version 1.13.0 (TeX Live 2021)  (format=lualatex 2022.1.30)  11 FEB 2022 12:02
 restricted system commands enabled.
**report.tex
(./report.tex
LaTeX2e <2020-10-01> patch level 4
Lua module: luaotfload 2021-01-08 3.17 Lua based OpenType font support
Lua module: lualibs 2020-12-30 2.73 ConTeXt Lua standard libraries.
Lua module: lualibs-extended 2020-12-30 2.73 ConTeXt Lua libraries -- extended c
ollection.
luaotfload | conf : Root cache directory is "/home/hutch/.texlive2021/texmf-var/
luatex-cache/generic/names".
luaotfload | init : Loading fontloader "fontloader-2021-01-07.lua" from kpse-res
olved path "/usr/share/texlive/texmf-dist/tex/luatex/luaotfload/fontloader-2021-
01-07.lua".
Lua-only attribute luaotfload@noligature = 1
Lua-only attribute luaotfload@syllabe = 2
luaotfload | init : Context OpenType loader version 0x1.8e76c8b439581p+1
Inserting `luaotfload.node_processor' at position 1 in `pre_linebreak_filter'.
Inserting `luaotfload.node_processor' at position 1 in `hpack_filter'.
Inserting `luaotfload.glyph_stream' at position 1 in `glyph_stream_provider'.
Inserting `luaotfload.define_font' at position 1 in `define_font'.
Lua-only attribute luaotfload_color_attribute = 3
luaotfload | conf : Root cache directory is "/home/hutch/.texlive2021/texmf-var/
luatex-cache/generic/names".
Inserting `luaotfload.harf.strip_prefix' at position 1 in `find_opentype_file'.
Inserting `luaotfload.harf.strip_prefix' at position 1 in `find_truetype_file'.
Inserting `luaotfload.harf.finalize_vlist' at position 1 in `post_linebreak_filt
er'.
Inserting `luaotfload.harf.finalize_hlist' at position 2 in `hpack_filter'.
Inserting `luaotfload.cleanup_files' at position 1 in `wrapup_run'.
Inserting `luaotfload.harf.finalize_unicode' at position 1 in `finish_pdffile'.
Inserting `luaotfload.glyphinfo' at position 1 in `glyph_info'.
Inserting `luaotfload.aux.set_sscale_dimens' at position 1 in `luaotfload.patch_
font'.
Inserting `luaotfload.aux.set_font_index' at position 2 in `luaotfload.patch_fon
t'.
Inserting `luaotfload.aux.patch_cambria_domh' at position 3 in `luaotfload.patch
_font'.
Inserting `luaotfload.aux.fixup_fontdata' at position 1 in `luaotfload.patch_fon
t_unsafe'.
Inserting `luaotfload.aux.set_capheight' at position 4 in `luaotfload.patch_font
'.
Inserting `luaotfload.aux.set_xheight' at position 5 in `luaotfload.patch_font'.
Inserting `luaotfload.rewrite_fontname' at position 6 in `luaotfload.patch_font'
. L3 programming layer <2021-05-07>
(/usr/share/texlive/texmf-dist/tex/latex/IEEEtran/IEEEtran.cls
Document Class: IEEEtran 2015/08/26 V1.8b by Michael Shell
-- See the "IEEEtran_HOWTO" manual for usage information.
-- http://www.michaelshell.org/tex/ieeetran/
\@IEEEtrantmpdimenA=\dimen138
\@IEEEtrantmpdimenB=\dimen139
\@IEEEtrantmpdimenC=\dimen140
\@IEEEtrantmpcountA=\count175
\@IEEEtrantmpcountB=\count176
\@IEEEtrantmpcountC=\count177
\@IEEEtrantmptoksA=\toks15
LaTeX Font Info:    Trying to load font information for TU+ptm on input line 50
3.
LaTeX Font Info:    No file TUptm.fd. on input line 503.

LaTeX Font Warning: Font shape `TU/ptm/m/n' undefined
(Font)              using `TU/lmr/m/n' instead on input line 503.

luaotfload | db : Font names database loaded from /home/hutch/.texlive2021/texmf
-var/luatex-cache/generic/names/luaotfload-names.luc
-- Using 8.5in x 11in (letter) paper.
-- Using DVI output.
\@IEEEnormalsizeunitybaselineskip=\dimen141
-- This is a 10 point document.
\CLASSINFOnormalsizebaselineskip=\dimen142
\CLASSINFOnormalsizeunitybaselineskip=\dimen143
\IEEEnormaljot=\dimen144

LaTeX Font Warning: Font shape `TU/ptm/bx/n' undefined
(Font)              using `TU/ptm/m/n' instead on input line 1090.


LaTeX Font Warning: Font shape `TU/ptm/m/it' undefined
(Font)              using `TU/ptm/m/n' instead on input line 1090.


LaTeX Font Warning: Font shape `TU/ptm/bx/it' undefined
(Font)              using `TU/ptm/bx/n' instead on input line 1090.

\IEEEquantizedlength=\dimen145
\IEEEquantizedlengthdiff=\dimen146
\IEEEquantizedtextheightdiff=\dimen147
\IEEEilabelindentA=\dimen148
\IEEEilabelindentB=\dimen149
\IEEEilabelindent=\dimen150
\IEEEelabelindent=\dimen151
\IEEEdlabelindent=\dimen152
\IEEElabelindent=\dimen153
\IEEEiednormlabelsep=\dimen154
\IEEEiedmathlabelsep=\dimen155
\IEEEiedtopsep=\skip47
\c@section=\count178
\c@subsection=\count179
\c@subsubsection=\count180
\c@paragraph=\count181
\c@IEEEsubequation=\count182
\abovecaptionskip=\skip48
\belowcaptionskip=\skip49
\c@figure=\count183
\c@table=\count184
\@IEEEeqnnumcols=\count185
\@IEEEeqncolcnt=\count186
\@IEEEsubeqnnumrollback=\count187
\@IEEEquantizeheightA=\dimen156
\@IEEEquantizeheightB=\dimen157
\@IEEEquantizeheightC=\dimen158
\@IEEEquantizeprevdepth=\dimen159
\@IEEEquantizemultiple=\count188
\@IEEEquantizeboxA=\box47
\@IEEEtmpitemindent=\dimen160
\IEEEPARstartletwidth=\dimen161
\c@IEEEbiography=\count189
\@IEEEtranrubishbin=\box48
) (/usr/share/texlive/texmf-dist/tex/latex/l3backend/l3backend-luatex.def
File: l3backend-luatex.def 2021-05-07 L3 backend support: PDF output (LuaTeX)
\l__color_backend_stack_int=\count190
\l__pdf_internal_box=\box49
)
(./report.aux)
\openout1 = report.aux

LaTeX Font Info:    Checking defaults for OML/cmm/m/it on input line 6.
LaTeX Font Info:    ... okay on input line 6.
LaTeX Font Info:    Checking defaults for OMS/cmsy/m/n on input line 6.
LaTeX Font Info:    ... okay on input line 6.
LaTeX Font Info:    Checking defaults for OT1/cmr/m/n on input line 6.
LaTeX Font Info:    ... okay on input line 6.
LaTeX Font Info:    Checking defaults for T1/cmr/m/n on input line 6.
LaTeX Font Info:    ... okay on input line 6.
LaTeX Font Info:    Checking defaults for TS1/cmr/m/n on input line 6.
LaTeX Font Info:    Trying to load font information for TS1+cmr on input line 6
.
 (/usr/share/texlive/texmf-dist/tex/latex/base/ts1cmr.fd
File: ts1cmr.fd 2019/12/16 v2.5j Standard LaTeX font definitions
)
LaTeX Font Info:    ... okay on input line 6.
LaTeX Font Info:    Checking defaults for TU/lmr/m/n on input line 6.
LaTeX Font Info:    ... okay on input line 6.
LaTeX Font Info:    Checking defaults for OMX/cmex/m/n on input line 6.
LaTeX Font Info:    ... okay on input line 6.
LaTeX Font Info:    Checking defaults for U/cmr/m/n on input line 6.
LaTeX Font Info:    ... okay on input line 6.


LaTeX Font Warning: Font shape `TU/ptm/b/n' undefined
(Font)              using `TU/ptm/bx/n' instead on input line 6.


LaTeX Font Warning: Font shape `TU/ptm/b/it' undefined
(Font)              using `TU/ptm/bx/it' instead on input line 6.


LaTeX Font Warning: Font shape `TU/ptm/b/n' undefined
(Font)              using `TU/ptm/bx/n' instead on input line 6.


LaTeX Font Warning: Font shape `TU/ptm/b/it' undefined
(Font)              using `TU/ptm/bx/it' instead on input line 6.


LaTeX Font Warning: Font shape `TU/ptm/b/n' undefined
(Font)              using `TU/ptm/bx/n' instead on input line 6.


LaTeX Font Warning: Font shape `TU/ptm/b/it' undefined
(Font)              using `TU/ptm/bx/it' instead on input line 6.


LaTeX Font Warning: Font shape `TU/ptm/b/n' undefined
(Font)              using `TU/ptm/bx/n' instead on input line 6.


LaTeX Font Warning: Font shape `TU/ptm/b/it' undefined
(Font)              using `TU/ptm/bx/it' instead on input line 6.


LaTeX Font Warning: Font shape `TU/ptm/b/n' undefined
(Font)              using `TU/ptm/bx/n' instead on input line 6.


LaTeX Font Warning: Font shape `TU/ptm/b/it' undefined
(Font)              using `TU/ptm/bx/it' instead on input line 6.


LaTeX Font Warning: Font shape `TU/ptm/b/n' undefined
(Font)              using `TU/ptm/bx/n' instead on input line 6.


LaTeX Font Warning: Font shape `TU/ptm/b/it' undefined
(Font)              using `TU/ptm/bx/it' instead on input line 6.


LaTeX Font Warning: Font shape `TU/ptm/b/n' undefined
(Font)              using `TU/ptm/bx/n' instead on input line 6.


LaTeX Font Warning: Font shape `TU/ptm/b/it' undefined
(Font)              using `TU/ptm/bx/it' instead on input line 6.


LaTeX Font Warning: Font shape `TU/ptm/b/n' undefined
(Font)              using `TU/ptm/bx/n' instead on input line 6.


LaTeX Font Warning: Font shape `TU/ptm/b/it' undefined
(Font)              using `TU/ptm/bx/it' instead on input line 6.


LaTeX Font Warning: Font shape `TU/ptm/b/n' undefined
(Font)              using `TU/ptm/bx/n' instead on input line 6.


LaTeX Font Warning: Font shape `TU/ptm/b/it' undefined
(Font)              using `TU/ptm/bx/it' instead on input line 6.


LaTeX Font Warning: Font shape `TU/ptm/b/n' undefined
(Font)              using `TU/ptm/bx/n' instead on input line 6.


LaTeX Font Warning: Font shape `TU/ptm/b/it' undefined
(Font)              using `TU/ptm/bx/it' instead on input line 6.

-- Lines per column: 58 (exact).
[1
Non-PDF special ignored!{/usr/share/texlive/texmf-var/fonts/map/pdftex/updmap/pd
ftex.map
warning  (file /usr/share/texlive/texmf-var/fonts/map/pdftex/updmap/pdftex.map) 
(map file): invalid entry for 'LHSName': both ps_name and font file missing

warning  (file /usr/share/texlive/texmf-var/fonts/map/pdftex/updmap/pdftex.map) 
(map file): invalid entry for 'RHSName': both ps_name and font file missing

warning  (file /usr/share/texlive/texmf-var/fonts/map/pdftex/updmap/pdftex.map) 
(map file): ambiguous entry for 'UniClass[letter]': font file present but not in
cluded, will be treated as font file not present

warning  (file /usr/share/texlive/texmf-var/fonts/map/pdftex/updmap/pdftex.map) 
(map file): entry for 'pagd8y' already exists, duplicates ignored

warning  (file /usr/share/texlive/texmf-var/fonts/map/pdftex/updmap/pdftex.map) 
(map file): entry for 'pagdo8y' already exists, duplicates ignored

warning  (file /usr/share/texlive/texmf-var/fonts/map/pdftex/updmap/pdftex.map) 
(map file): entry for 'pagk8y' already exists, duplicates ignored

warning  (file /usr/share/texlive/texmf-var/fonts/map/pdftex/updmap/pdftex.map) 
(map file): entry for 'pagko8y' already exists, duplicates ignored

warning  (file /usr/share/texlive/texmf-var/fonts/map/pdftex/updmap/pdftex.map) 
(map file): entry for 'pbkd8y' already exists, duplicates ignored

warning  (file /usr/share/texlive/texmf-var/fonts/map/pdftex/updmap/pdftex.map) 
(map file): entry for 'pbkdi8y' already exists, duplicates ignored

warning  (file /usr/share/texlive/texmf-var/fonts/map/pdftex/updmap/pdftex.map) 
(map file): entry for 'pbkdo8y' already exists, duplicates ignored

warning  (file /usr/share/texlive/texmf-var/fonts/map/pdftex/updmap/pdftex.map) 
(map file): entry for 'pbkl8y' already exists, duplicates ignored

warning  (file /usr/share/texlive/texmf-var/fonts/map/pdftex/updmap/pdftex.map) 
(map file): entry for 'pbkli8y' already exists, duplicates ignored

warning  (file /usr/share/texlive/texmf-var/fonts/map/pdftex/updmap/pdftex.map) 
(map file): entry for 'pbklo8y' already exists, duplicates ignored

warning  (file /usr/share/texlive/texmf-var/fonts/map/pdftex/updmap/pdftex.map) 
(map file): entry for 'pcrb8y' already exists, duplicates ignored

warning  (file /usr/share/texlive/texmf-var/fonts/map/pdftex/updmap/pdftex.map) 
(map file): entry for 'pcrbo8y' already exists, duplicates ignored

warning  (file /usr/share/texlive/texmf-var/fonts/map/pdftex/updmap/pdftex.map) 
(map file): entry for 'pcrr8y' already exists, duplicates ignored

warning  (file /usr/share/texlive/texmf-var/fonts/map/pdftex/updmap/pdftex.map) 
(map file): entry for 'pcrro8y' already exists, duplicates ignored

warning  (file /usr/share/texlive/texmf-var/fonts/map/pdftex/updmap/pdftex.map) 
(map file): entry for 'pcrr8rn' already exists, duplicates ignored

warning  (file /usr/share/texlive/texmf-var/fonts/map/pdftex/updmap/pdftex.map) 
(map file): entry for 'phvb8y' already exists, duplicates ignored

warning  (file /usr/share/texlive/texmf-var/fonts/map/pdftex/updmap/pdftex.map) 
(map file): entry for 'phvb8yn' already exists, duplicates ignored

warning  (file /usr/share/texlive/texmf-var/fonts/map/pdftex/updmap/pdftex.map) 
(map file): entry for 'phvbo8y' already exists, duplicates ignored

warning  (file /usr/share/texlive/texmf-var/fonts/map/pdftex/updmap/pdftex.map) 
(map file): entry for 'phvbo8yn' already exists, duplicates ignored

warning  (file /usr/share/texlive/texmf-var/fonts/map/pdftex/updmap/pdftex.map) 
(map file): entry for 'phvr8y' already exists, duplicates ignored

warning  (file /usr/share/texlive/texmf-var/fonts/map/pdftex/updmap/pdftex.map) 
(map file): entry for 'phvr8yn' already exists, duplicates ignored

warning  (file /usr/share/texlive/texmf-var/fonts/map/pdftex/updmap/pdftex.map) 
(map file): entry for 'phvro8y' already exists, duplicates ignored

warning  (file /usr/share/texlive/texmf-var/fonts/map/pdftex/updmap/pdftex.map) 
(map file): entry for 'phvro8yn' already exists, duplicates ignored

warning  (file /usr/share/texlive/texmf-var/fonts/map/pdftex/updmap/pdftex.map) 
(map file): entry for 'pncb8y' already exists, duplicates ignored

warning  (file /usr/share/texlive/texmf-var/fonts/map/pdftex/updmap/pdftex.map) 
(map file): entry for 'pncbi8y' already exists, duplicates ignored

warning  (file /usr/share/texlive/texmf-var/fonts/map/pdftex/updmap/pdftex.map) 
(map file): entry for 'pncbo8y' already exists, duplicates ignored

warning  (file /usr/share/texlive/texmf-var/fonts/map/pdftex/updmap/pdftex.map) 
(map file): entry for 'pncr8y' already exists, duplicates ignored

warning  (file /usr/share/texlive/texmf-var/fonts/map/pdftex/updmap/pdftex.map) 
(map file): entry for 'pncri8y' already exists, duplicates ignored

warning  (file /usr/share/texlive/texmf-var/fonts/map/pdftex/updmap/pdftex.map) 
(map file): entry for 'pncro8y' already exists, duplicates ignored

warning  (file /usr/share/texlive/texmf-var/fonts/map/pdftex/updmap/pdftex.map) 
(map file): entry for 'pplb8y' already exists, duplicates ignored

warning  (file /usr/share/texlive/texmf-var/fonts/map/pdftex/updmap/pdftex.map) 
(map file): entry for 'pplbi8y' already exists, duplicates ignored

warning  (file /usr/share/texlive/texmf-var/fonts/map/pdftex/updmap/pdftex.map) 
(map file): entry for 'pplbo8y' already exists, duplicates ignored

warning  (file /usr/share/texlive/texmf-var/fonts/map/pdftex/updmap/pdftex.map) 
(map file): entry for 'pplbu8y' already exists, duplicates ignored

warning  (file /usr/share/texlive/texmf-var/fonts/map/pdftex/updmap/pdftex.map) 
(map file): entry for 'pplr8y' already exists, duplicates ignored

warning  (file /usr/share/texlive/texmf-var/fonts/map/pdftex/updmap/pdftex.map) 
(map file): entry for 'pplr8yn' already exists, duplicates ignored

warning  (file /usr/share/texlive/texmf-var/fonts/map/pdftex/updmap/pdftex.map) 
(map file): entry for 'pplri8y' already exists, duplicates ignored

warning  (file /usr/share/texlive/texmf-var/fonts/map/pdftex/updmap/pdftex.map) 
(map file): entry for 'pplro8y' already exists, duplicates ignored

warning  (file /usr/share/texlive/texmf-var/fonts/map/pdftex/updmap/pdftex.map) 
(map file): entry for 'pplrr8ye' already exists, duplicates ignored

warning  (file /usr/share/texlive/texmf-var/fonts/map/pdftex/updmap/pdftex.map) 
(map file): entry for 'pplru8y' already exists, duplicates ignored

warning  (file /usr/share/texlive/texmf-var/fonts/map/pdftex/updmap/pdftex.map) 
(map file): entry for 'ptmb8y' already exists, duplicates ignored

warning  (file /usr/share/texlive/texmf-var/fonts/map/pdftex/updmap/pdftex.map) 
(map file): entry for 'ptmbi8y' already exists, duplicates ignored

warning  (file /usr/share/texlive/texmf-var/fonts/map/pdftex/updmap/pdftex.map) 
(map file): entry for 'ptmbo8y' already exists, duplicates ignored

warning  (file /usr/share/texlive/texmf-var/fonts/map/pdftex/updmap/pdftex.map) 
(map file): entry for 'ptmr8y' already exists, duplicates ignored

warning  (file /usr/share/texlive/texmf-var/fonts/map/pdftex/updmap/pdftex.map) 
(map file): entry for 'ptmr8yn' already exists, duplicates ignored

warning  (file /usr/share/texlive/texmf-var/fonts/map/pdftex/updmap/pdftex.map) 
(map file): entry for 'ptmri8y' already exists, duplicates ignored

warning  (file /usr/share/texlive/texmf-var/fonts/map/pdftex/updmap/pdftex.map) 
(map file): entry for 'ptmro8y' already exists, duplicates ignored

warning  (file /usr/share/texlive/texmf-var/fonts/map/pdftex/updmap/pdftex.map) 
(map file): entry for 'ptmrr8ye' already exists, duplicates ignored

warning  (file /usr/share/texlive/texmf-var/fonts/map/pdftex/updmap/pdftex.map) 
(map file): entry for 'rpxpplb' already exists, duplicates ignored

warning  (file /usr/share/texlive/texmf-var/fonts/map/pdftex/updmap/pdftex.map) 
(map file): entry for 'rpxpplbi' already exists, duplicates ignored

warning  (file /usr/share/texlive/texmf-var/fonts/map/pdftex/updmap/pdftex.map) 
(map file): entry for 'rpxpplbo' already exists, duplicates ignored

warning  (file /usr/share/texlive/texmf-var/fonts/map/pdftex/updmap/pdftex.map) 
(map file): entry for 'rpxpplr' already exists, duplicates ignored

warning  (file /usr/share/texlive/texmf-var/fonts/map/pdftex/updmap/pdftex.map) 
(map file): entry for 'rpxpplri' already exists, duplicates ignored

warning  (file /usr/share/texlive/texmf-var/fonts/map/pdftex/updmap/pdftex.map) 
(map file): entry for 'rpxpplro' already exists, duplicates ignored

warning  (file /usr/share/texlive/texmf-var/fonts/map/pdftex/updmap/pdftex.map) 
(map file): entry for 'pzcmi8y' already exists, duplicates ignored

warning  (file /usr/share/texlive/texmf-var/fonts/map/pdftex/updmap/pdftex.map) 
(map file): entry for 'pagd8g' already exists, duplicates ignored

warning  (file /usr/share/texlive/texmf-var/fonts/map/pdftex/updmap/pdftex.map) 
(map file): entry for 'pagdo8g' already exists, duplicates ignored

warning  (file /usr/share/texlive/texmf-var/fonts/map/pdftex/updmap/pdftex.map) 
(map file): entry for 'pagk8g' already exists, duplicates ignored

warning  (file /usr/share/texlive/texmf-var/fonts/map/pdftex/updmap/pdftex.map) 
(map file): entry for 'pagko8g' already exists, duplicates ignored

warning  (file /usr/share/texlive/texmf-var/fonts/map/pdftex/updmap/pdftex.map) 
(map file): entry for 'pbkd8g' already exists, duplicates ignored

warning  (file /usr/share/texlive/texmf-var/fonts/map/pdftex/updmap/pdftex.map) 
(map file): entry for 'pbkdi8g' already exists, duplicates ignored

warning  (file /usr/share/texlive/texmf-var/fonts/map/pdftex/updmap/pdftex.map) 
(map file): entry for 'pbkl8g' already exists, duplicates ignored

warning  (file /usr/share/texlive/texmf-var/fonts/map/pdftex/updmap/pdftex.map) 
(map file): entry for 'pbkli8g' already exists, duplicates ignored

warning  (file /usr/share/texlive/texmf-var/fonts/map/pdftex/updmap/pdftex.map) 
(map file): entry for 'pcrb8g' already exists, duplicates ignored

warning  (file /usr/share/texlive/texmf-var/fonts/map/pdftex/updmap/pdftex.map) 
(map file): entry for 'pcrbo8g' already exists, duplicates ignored

warning  (file /usr/share/texlive/texmf-var/fonts/map/pdftex/updmap/pdftex.map) 
(map file): entry for 'pcrr8g' already exists, duplicates ignored

warning  (file /usr/share/texlive/texmf-var/fonts/map/pdftex/updmap/pdftex.map) 
(map file): entry for 'pcrro8g' already exists, duplicates ignored

warning  (file /usr/share/texlive/texmf-var/fonts/map/pdftex/updmap/pdftex.map) 
(map file): entry for 'phvb8g' already exists, duplicates ignored

warning  (file /usr/share/texlive/texmf-var/fonts/map/pdftex/updmap/pdftex.map) 
(map file): entry for 'phvbo8g' already exists, duplicates ignored

warning  (file /usr/share/texlive/texmf-var/fonts/map/pdftex/updmap/pdftex.map) 
(map file): entry for 'phvr8g' already exists, duplicates ignored

warning  (file /usr/share/texlive/texmf-var/fonts/map/pdftex/updmap/pdftex.map) 
(map file): entry for 'phvro8g' already exists, duplicates ignored

warning  (file /usr/share/texlive/texmf-var/fonts/map/pdftex/updmap/pdftex.map) 
(map file): entry for 'pncb8g' already exists, duplicates ignored

warning  (file /usr/share/texlive/texmf-var/fonts/map/pdftex/updmap/pdftex.map) 
(map file): entry for 'pncbi8g' already exists, duplicates ignored

warning  (file /usr/share/texlive/texmf-var/fonts/map/pdftex/updmap/pdftex.map) 
(map file): entry for 'pncr8g' already exists, duplicates ignored

warning  (file /usr/share/texlive/texmf-var/fonts/map/pdftex/updmap/pdftex.map) 
(map file): entry for 'pncri8g' already exists, duplicates ignored

warning  (file /usr/share/texlive/texmf-var/fonts/map/pdftex/updmap/pdftex.map) 
(map file): entry for 'pplb8g' already exists, duplicates ignored

warning  (file /usr/share/texlive/texmf-var/fonts/map/pdftex/updmap/pdftex.map) 
(map file): entry for 'pplbi8g' already exists, duplicates ignored

warning  (file /usr/share/texlive/texmf-var/fonts/map/pdftex/updmap/pdftex.map) 
(map file): entry for 'pplr8g' already exists, duplicates ignored

warning  (file /usr/share/texlive/texmf-var/fonts/map/pdftex/updmap/pdftex.map) 
(map file): entry for 'pplri8g' already exists, duplicates ignored

warning  (file /usr/share/texlive/texmf-var/fonts/map/pdftex/updmap/pdftex.map) 
(map file): entry for 'psyr' already exists, duplicates ignored

warning  (file /usr/share/texlive/texmf-var/fonts/map/pdftex/updmap/pdftex.map) 
(map file): entry for 'psyrgo' already exists, duplicates ignored

warning  (file /usr/share/texlive/texmf-var/fonts/map/pdftex/updmap/pdftex.map) 
(map file): entry for 'ptmb8g' already exists, duplicates ignored

warning  (file /usr/share/texlive/texmf-var/fonts/map/pdftex/updmap/pdftex.map) 
(map file): entry for 'ptmbi8g' already exists, duplicates ignored

warning  (file /usr/share/texlive/texmf-var/fonts/map/pdftex/updmap/pdftex.map) 
(map file): entry for 'ptmr8g' already exists, duplicates ignored

warning  (file /usr/share/texlive/texmf-var/fonts/map/pdftex/updmap/pdftex.map) 
(map file): entry for 'ptmri8g' already exists, duplicates ignored

warning  (file /usr/share/texlive/texmf-var/fonts/map/pdftex/updmap/pdftex.map) 
(map file): entry for 'pzcmi8g' already exists, duplicates ignored

warning  (file /usr/share/texlive/texmf-var/fonts/map/pdftex/updmap/pdftex.map) 
(map file): entry for 'pzdr' already exists, duplicates ignored

warning  (file /usr/share/texlive/texmf-var/fonts/map/pdftex/updmap/pdftex.map) 
(map file): entry for 'rtxphvb' already exists, duplicates ignored

warning  (file /usr/share/texlive/texmf-var/fonts/map/pdftex/updmap/pdftex.map) 
(map file): entry for 'rtxphvbo' already exists, duplicates ignored

warning  (file /usr/share/texlive/texmf-var/fonts/map/pdftex/updmap/pdftex.map) 
(map file): entry for 'rtxphvr' already exists, duplicates ignored

warning  (file /usr/share/texlive/texmf-var/fonts/map/pdftex/updmap/pdftex.map) 
(map file): entry for 'rtxphvro' already exists, duplicates ignored

warning  (file /usr/share/texlive/texmf-var/fonts/map/pdftex/updmap/pdftex.map) 
(map file): entry for 'rtxptmb' already exists, duplicates ignored

warning  (file /usr/share/texlive/texmf-var/fonts/map/pdftex/updmap/pdftex.map) 
(map file): entry for 'rtxptmbi' already exists, duplicates ignored

warning  (file /usr/share/texlive/texmf-var/fonts/map/pdftex/updmap/pdftex.map) 
(map file): entry for 'rtxptmbo' already exists, duplicates ignored

warning  (file /usr/share/texlive/texmf-var/fonts/map/pdftex/updmap/pdftex.map) 
(map file): entry for 'rtxptmr' already exists, duplicates ignored

warning  (file /usr/share/texlive/texmf-var/fonts/map/pdftex/updmap/pdftex.map) 
(map file): entry for 'rtxptmri' already exists, duplicates ignored

warning  (file /usr/share/texlive/texmf-var/fonts/map/pdftex/updmap/pdftex.map) 
(map file): entry for 'rtxptmro' already exists, duplicates ignored
}



] (./report.aux)

LaTeX Font Warning: Some font shapes were not available, defaults substituted.

)

Here is how much of LuaTeX's memory you used:
 1216 strings out of 478388
 100000,383344 words of node,token memory allocated
 411 words of node memory still in use:
   3 hlist, 1 vlist, 1 rule, 2 glue, 3 kern, 1 glyph, 4 attribute, 49 glue_spec,
 4 attribute_list, 1 write nodes
   avail lists: 2:61,3:19,4:9,5:33,6:4,7:325,9:43,10:7,11:22
 21392 multiletter control sequences out of 65536+600000
 32 fonts using 3843167 bytes
 35i,5n,37p,200b,173s stack positions out of 5000i,500n,10000p,200000b,80000s
</usr/share/texlive/texmf-dist/fonts/opentype/public/lm/lmroman12-regular.otf></
usr/share/texlive/texmf-dist/fonts/opentype/public/lm/lmroman17-regular.otf></us
r/share/texlive/texmf-dist/fonts/opentype/public/lm/lmroman7-regular.otf>
Output written on report.pdf (1 page, 10749 bytes).

PDF statistics: 29 PDF objects out of 1000 (max. 8388607)
 16 compressed objects within 1 object stream
 0 named destinations out of 1000 (max. 131072)
 1 words of extra memory for PDF output out of 10000 (max. 100000000)

